<?xml version="1.0" encoding="UTF-8"?>
<testsuite name="com.revinate.requestbin.bin.BinControllerTest" tests="3" skipped="0" failures="0" errors="0" timestamp="2016-09-10T20:02:34" hostname="Danicas-MacBook-Pro.local" time="0.231">
  <properties/>
  <testcase name="getAllBin" classname="com.revinate.requestbin.bin.BinControllerTest" time="0.162"/>
  <testcase name="createBin" classname="com.revinate.requestbin.bin.BinControllerTest" time="0.024"/>
  <testcase name="inspectBin" classname="com.revinate.requestbin.bin.BinControllerTest" time="0.043"/>
  <system-out><![CDATA[13:02:30.076 [Test worker] DEBUG org.springframework.test.context.junit4.SpringJUnit4ClassRunner - SpringJUnit4ClassRunner constructor called with [class com.revinate.requestbin.bin.BinControllerTest]
13:02:30.081 [Test worker] DEBUG org.springframework.test.context.BootstrapUtils - Instantiating CacheAwareContextLoaderDelegate from class [org.springframework.test.context.cache.DefaultCacheAwareContextLoaderDelegate]
13:02:30.088 [Test worker] DEBUG org.springframework.test.context.BootstrapUtils - Instantiating BootstrapContext using constructor [public org.springframework.test.context.support.DefaultBootstrapContext(java.lang.Class,org.springframework.test.context.CacheAwareContextLoaderDelegate)]
13:02:30.106 [Test worker] DEBUG org.springframework.test.context.BootstrapUtils - Instantiating TestContextBootstrapper for test class [com.revinate.requestbin.bin.BinControllerTest] from class [org.springframework.boot.test.context.SpringBootTestContextBootstrapper]
13:02:30.120 [Test worker] INFO org.springframework.boot.test.context.SpringBootTestContextBootstrapper - Neither @ContextConfiguration nor @ContextHierarchy found for test class [com.revinate.requestbin.bin.BinControllerTest], using SpringBootContextLoader
13:02:30.125 [Test worker] DEBUG org.springframework.test.context.support.AbstractContextLoader - Did not detect default resource location for test class [com.revinate.requestbin.bin.BinControllerTest]: class path resource [com/revinate/requestbin/bin/BinControllerTest-context.xml] does not exist
13:02:30.126 [Test worker] DEBUG org.springframework.test.context.support.AbstractContextLoader - Did not detect default resource location for test class [com.revinate.requestbin.bin.BinControllerTest]: class path resource [com/revinate/requestbin/bin/BinControllerTestContext.groovy] does not exist
13:02:30.126 [Test worker] INFO org.springframework.test.context.support.AbstractContextLoader - Could not detect default resource locations for test class [com.revinate.requestbin.bin.BinControllerTest]: no resource found for suffixes {-context.xml, Context.groovy}.
13:02:30.127 [Test worker] INFO org.springframework.test.context.support.AnnotationConfigContextLoaderUtils - Could not detect default configuration classes for test class [com.revinate.requestbin.bin.BinControllerTest]: BinControllerTest does not declare any static, non-private, non-final, nested classes annotated with @Configuration.
13:02:30.188 [Test worker] DEBUG org.springframework.test.context.support.ActiveProfilesUtils - Could not find an 'annotation declaring class' for annotation type [org.springframework.test.context.ActiveProfiles] and class [com.revinate.requestbin.bin.BinControllerTest]
13:02:30.231 [Test worker] DEBUG org.springframework.core.env.StandardEnvironment - Adding [systemProperties] PropertySource with lowest search precedence
13:02:30.231 [Test worker] DEBUG org.springframework.core.env.StandardEnvironment - Adding [systemEnvironment] PropertySource with lowest search precedence
13:02:30.231 [Test worker] DEBUG org.springframework.core.env.StandardEnvironment - Initialized StandardEnvironment with PropertySources [systemProperties,systemEnvironment]
13:02:30.241 [Test worker] DEBUG org.springframework.core.io.support.PathMatchingResourcePatternResolver - Resolved classpath location [com/revinate/requestbin/bin/] to resources [URL [file:/Users/Danica/Desktop/ChuLin/java/requestBinSpring/build/classes/test/com/revinate/requestbin/bin/], URL [file:/Users/Danica/Desktop/ChuLin/java/requestBinSpring/build/classes/main/com/revinate/requestbin/bin/]]
13:02:30.242 [Test worker] DEBUG org.springframework.core.io.support.PathMatchingResourcePatternResolver - Looking for matching resources in directory tree [/Users/Danica/Desktop/ChuLin/java/requestBinSpring/build/classes/test/com/revinate/requestbin/bin]
13:02:30.242 [Test worker] DEBUG org.springframework.core.io.support.PathMatchingResourcePatternResolver - Searching directory [/Users/Danica/Desktop/ChuLin/java/requestBinSpring/build/classes/test/com/revinate/requestbin/bin] for files matching pattern [/Users/Danica/Desktop/ChuLin/java/requestBinSpring/build/classes/test/com/revinate/requestbin/bin/*.class]
13:02:30.246 [Test worker] DEBUG org.springframework.core.io.support.PathMatchingResourcePatternResolver - Looking for matching resources in directory tree [/Users/Danica/Desktop/ChuLin/java/requestBinSpring/build/classes/main/com/revinate/requestbin/bin]
13:02:30.246 [Test worker] DEBUG org.springframework.core.io.support.PathMatchingResourcePatternResolver - Searching directory [/Users/Danica/Desktop/ChuLin/java/requestBinSpring/build/classes/main/com/revinate/requestbin/bin] for files matching pattern [/Users/Danica/Desktop/ChuLin/java/requestBinSpring/build/classes/main/com/revinate/requestbin/bin/*.class]
13:02:30.247 [Test worker] DEBUG org.springframework.core.io.support.PathMatchingResourcePatternResolver - Resolved location pattern [classpath*:com/revinate/requestbin/bin/*.class] to resources [file [/Users/Danica/Desktop/ChuLin/java/requestBinSpring/build/classes/test/com/revinate/requestbin/bin/BinControllerTest.class], file [/Users/Danica/Desktop/ChuLin/java/requestBinSpring/build/classes/main/com/revinate/requestbin/bin/BinController.class]]
13:02:30.270 [Test worker] DEBUG org.springframework.core.io.support.PathMatchingResourcePatternResolver - Resolved classpath location [com/revinate/requestbin/] to resources [URL [file:/Users/Danica/Desktop/ChuLin/java/requestBinSpring/build/classes/test/com/revinate/requestbin/], URL [file:/Users/Danica/Desktop/ChuLin/java/requestBinSpring/build/classes/main/com/revinate/requestbin/]]
13:02:30.271 [Test worker] DEBUG org.springframework.core.io.support.PathMatchingResourcePatternResolver - Looking for matching resources in directory tree [/Users/Danica/Desktop/ChuLin/java/requestBinSpring/build/classes/test/com/revinate/requestbin]
13:02:30.271 [Test worker] DEBUG org.springframework.core.io.support.PathMatchingResourcePatternResolver - Searching directory [/Users/Danica/Desktop/ChuLin/java/requestBinSpring/build/classes/test/com/revinate/requestbin] for files matching pattern [/Users/Danica/Desktop/ChuLin/java/requestBinSpring/build/classes/test/com/revinate/requestbin/*.class]
13:02:30.272 [Test worker] DEBUG org.springframework.core.io.support.PathMatchingResourcePatternResolver - Looking for matching resources in directory tree [/Users/Danica/Desktop/ChuLin/java/requestBinSpring/build/classes/main/com/revinate/requestbin]
13:02:30.272 [Test worker] DEBUG org.springframework.core.io.support.PathMatchingResourcePatternResolver - Searching directory [/Users/Danica/Desktop/ChuLin/java/requestBinSpring/build/classes/main/com/revinate/requestbin] for files matching pattern [/Users/Danica/Desktop/ChuLin/java/requestBinSpring/build/classes/main/com/revinate/requestbin/*.class]
13:02:30.273 [Test worker] DEBUG org.springframework.core.io.support.PathMatchingResourcePatternResolver - Resolved location pattern [classpath*:com/revinate/requestbin/*.class] to resources [file [/Users/Danica/Desktop/ChuLin/java/requestBinSpring/build/classes/main/com/revinate/requestbin/RequestbinApplication.class]]
13:02:30.302 [Test worker] DEBUG org.springframework.context.annotation.ClassPathScanningCandidateComponentProvider - Identified candidate component class: file [/Users/Danica/Desktop/ChuLin/java/requestBinSpring/build/classes/main/com/revinate/requestbin/RequestbinApplication.class]
13:02:30.303 [Test worker] INFO org.springframework.boot.test.context.SpringBootTestContextBootstrapper - Found @SpringBootConfiguration com.revinate.requestbin.RequestbinApplication for test class com.revinate.requestbin.bin.BinControllerTest
13:02:30.306 [Test worker] DEBUG org.springframework.boot.test.context.SpringBootTestContextBootstrapper - @TestExecutionListeners is not present for class [com.revinate.requestbin.bin.BinControllerTest]: using defaults.
13:02:30.309 [Test worker] INFO org.springframework.boot.test.context.SpringBootTestContextBootstrapper - Loaded default TestExecutionListener class names from location [META-INF/spring.factories]: [org.springframework.boot.test.mock.mockito.MockitoTestExecutionListener, org.springframework.boot.test.mock.mockito.ResetMocksTestExecutionListener, org.springframework.boot.test.autoconfigure.AutoConfigureReportTestExecutionListener, org.springframework.boot.test.autoconfigure.restdocs.RestDocsTestExecutionListener, org.springframework.boot.test.autoconfigure.web.client.MockRestServiceServerResetTestExecutionListener, org.springframework.test.context.web.ServletTestExecutionListener, org.springframework.test.context.support.DirtiesContextBeforeModesTestExecutionListener, org.springframework.test.context.support.DependencyInjectionTestExecutionListener, org.springframework.test.context.support.DirtiesContextTestExecutionListener, org.springframework.test.context.transaction.TransactionalTestExecutionListener, org.springframework.test.context.jdbc.SqlScriptsTestExecutionListener]
13:02:30.321 [Test worker] INFO org.springframework.boot.test.context.SpringBootTestContextBootstrapper - Using TestExecutionListeners: [org.springframework.test.context.web.ServletTestExecutionListener@1f04a5d9, org.springframework.test.context.support.DirtiesContextBeforeModesTestExecutionListener@37f42fe1, org.springframework.boot.test.autoconfigure.AutoConfigureReportTestExecutionListener@426f453c, org.springframework.test.context.support.DependencyInjectionTestExecutionListener@3c99cefb, org.springframework.test.context.support.DirtiesContextTestExecutionListener@6099edc, org.springframework.test.context.transaction.TransactionalTestExecutionListener@109432db, org.springframework.test.context.jdbc.SqlScriptsTestExecutionListener@28ead350, org.springframework.boot.test.autoconfigure.web.client.MockRestServiceServerResetTestExecutionListener@5a762ea0, org.springframework.boot.test.mock.mockito.ResetMocksTestExecutionListener@10c3a44c, org.springframework.boot.test.autoconfigure.restdocs.RestDocsTestExecutionListener@21704e65, org.springframework.boot.test.mock.mockito.MockitoTestExecutionListener@5f7e7948]
13:02:30.323 [Test worker] DEBUG org.springframework.test.annotation.ProfileValueUtils - Retrieved @ProfileValueSourceConfiguration [null] for test class [com.revinate.requestbin.bin.BinControllerTest]
13:02:30.324 [Test worker] DEBUG org.springframework.test.annotation.ProfileValueUtils - Retrieved ProfileValueSource type [class org.springframework.test.annotation.SystemProfileValueSource] for class [com.revinate.requestbin.bin.BinControllerTest]
13:02:30.325 [Test worker] DEBUG org.springframework.test.annotation.ProfileValueUtils - Retrieved @ProfileValueSourceConfiguration [null] for test class [com.revinate.requestbin.bin.BinControllerTest]
13:02:30.325 [Test worker] DEBUG org.springframework.test.annotation.ProfileValueUtils - Retrieved ProfileValueSource type [class org.springframework.test.annotation.SystemProfileValueSource] for class [com.revinate.requestbin.bin.BinControllerTest]
13:02:30.328 [Test worker] DEBUG org.springframework.test.context.support.AbstractDirtiesContextTestExecutionListener - Before test class: context [DefaultTestContext@263f0dd3 testClass = BinControllerTest, testInstance = [null], testMethod = [null], testException = [null], mergedContextConfiguration = [WebMergedContextConfiguration@60353753 testClass = BinControllerTest, locations = '{}', classes = '{class com.revinate.requestbin.RequestbinApplication}', contextInitializerClasses = '[]', activeProfiles = '{}', propertySourceLocations = '{}', propertySourceProperties = '{org.springframework.boot.test.context.SpringBootTestContextBootstrapper=true}', contextCustomizers = set[org.springframework.boot.test.context.SpringBootTestContextCustomizer@1d7073b0, org.springframework.boot.test.context.filter.ExcludeFilterContextCustomizer@2f5077c8, org.springframework.boot.test.mock.mockito.MockitoContextCustomizer@0, org.springframework.boot.test.autoconfigure.properties.PropertyMappingContextCustomizer@0], resourceBasePath = 'src/main/webapp', contextLoader = 'org.springframework.boot.test.context.SpringBootContextLoader', parent = [null]]], class annotated with @DirtiesContext [false] with mode [null].
13:02:30.329 [Test worker] DEBUG org.springframework.test.annotation.ProfileValueUtils - Retrieved @ProfileValueSourceConfiguration [null] for test class [com.revinate.requestbin.bin.BinControllerTest]
13:02:30.329 [Test worker] DEBUG org.springframework.test.annotation.ProfileValueUtils - Retrieved ProfileValueSource type [class org.springframework.test.annotation.SystemProfileValueSource] for class [com.revinate.requestbin.bin.BinControllerTest]
13:02:30.352 [Test worker] DEBUG org.springframework.core.env.StandardEnvironment - Adding [systemProperties] PropertySource with lowest search precedence
13:02:30.352 [Test worker] DEBUG org.springframework.core.env.StandardEnvironment - Adding [systemEnvironment] PropertySource with lowest search precedence
13:02:30.352 [Test worker] DEBUG org.springframework.core.env.StandardEnvironment - Initialized StandardEnvironment with PropertySources [systemProperties,systemEnvironment]
13:02:30.353 [Test worker] DEBUG org.springframework.test.context.support.TestPropertySourceUtils - Adding inlined properties to environment: {spring.jmx.enabled=false, org.springframework.boot.test.context.SpringBootTestContextBootstrapper=true, server.port=-1}
13:02:30.353 [Test worker] DEBUG org.springframework.core.env.StandardEnvironment - Adding [Inlined Test Properties] PropertySource with highest search precedence

  .   ____          _            __ _ _
 /\\ / ___'_ __ _ _(_)_ __  __ _ \ \ \ \
( ( )\___ | '_ | '_| | '_ \/ _` | \ \ \ \
 \\/  ___)| |_)| | | | | || (_| |  ) ) ) )
  '  |____| .__|_| |_|_| |_\__, | / / / /
 =========|_|==============|___/=/_/_/_/
 :: Spring Boot ::        (v1.4.0.RELEASE)

2016-09-10 13:02:31.109  INFO 39546 --- [    Test worker] c.r.requestbin.bin.BinControllerTest     : Starting BinControllerTest on Danicas-MacBook-Pro.local with PID 39546 (started by Danica in /Users/Danica/Desktop/ChuLin/java/requestBinSpring)
2016-09-10 13:02:31.110  INFO 39546 --- [    Test worker] c.r.requestbin.bin.BinControllerTest     : No active profile set, falling back to default profiles: default
2016-09-10 13:02:31.146  INFO 39546 --- [    Test worker] o.s.w.c.s.GenericWebApplicationContext   : Refreshing org.springframework.web.context.support.GenericWebApplicationContext@28e07373: startup date [Sat Sep 10 13:02:31 PDT 2016]; root of context hierarchy
2016-09-10 13:02:32.772  INFO 39546 --- [    Test worker] trationDelegate$BeanPostProcessorChecker : Bean 'spring.data.rest-org.springframework.boot.autoconfigure.data.rest.RepositoryRestProperties' of type [class org.springframework.boot.autoconfigure.data.rest.RepositoryRestProperties] is not eligible for getting processed by all BeanPostProcessors (for example: not eligible for auto-proxying)
2016-09-10 13:02:32.801  INFO 39546 --- [    Test worker] trationDelegate$BeanPostProcessorChecker : Bean 'org.springframework.boot.autoconfigure.data.rest.RepositoryRestMvcAutoConfiguration' of type [class org.springframework.boot.autoconfigure.data.rest.RepositoryRestMvcAutoConfiguration$$EnhancerBySpringCGLIB$$3857a29b] is not eligible for getting processed by all BeanPostProcessors (for example: not eligible for auto-proxying)
2016-09-10 13:02:32.830  INFO 39546 --- [    Test worker] trationDelegate$BeanPostProcessorChecker : Bean 'spring.jackson-org.springframework.boot.autoconfigure.jackson.JacksonProperties' of type [class org.springframework.boot.autoconfigure.jackson.JacksonProperties] is not eligible for getting processed by all BeanPostProcessors (for example: not eligible for auto-proxying)
2016-09-10 13:02:32.835  INFO 39546 --- [    Test worker] trationDelegate$BeanPostProcessorChecker : Bean 'org.springframework.boot.autoconfigure.jackson.JacksonAutoConfiguration$Jackson2ObjectMapperBuilderCustomizerConfiguration' of type [class org.springframework.boot.autoconfigure.jackson.JacksonAutoConfiguration$Jackson2ObjectMapperBuilderCustomizerConfiguration$$EnhancerBySpringCGLIB$$c3407942] is not eligible for getting processed by all BeanPostProcessors (for example: not eligible for auto-proxying)
2016-09-10 13:02:32.845  INFO 39546 --- [    Test worker] trationDelegate$BeanPostProcessorChecker : Bean 'standardJacksonObjectMapperBuilderCustomizer' of type [class org.springframework.boot.autoconfigure.jackson.JacksonAutoConfiguration$Jackson2ObjectMapperBuilderCustomizerConfiguration$StandardJackson2ObjectMapperBuilderCustomizer] is not eligible for getting processed by all BeanPostProcessors (for example: not eligible for auto-proxying)
2016-09-10 13:02:32.856  INFO 39546 --- [    Test worker] trationDelegate$BeanPostProcessorChecker : Bean 'org.springframework.boot.autoconfigure.jackson.JacksonAutoConfiguration$JacksonObjectMapperBuilderConfiguration' of type [class org.springframework.boot.autoconfigure.jackson.JacksonAutoConfiguration$JacksonObjectMapperBuilderConfiguration$$EnhancerBySpringCGLIB$$8299353] is not eligible for getting processed by all BeanPostProcessors (for example: not eligible for auto-proxying)
2016-09-10 13:02:32.867  INFO 39546 --- [    Test worker] trationDelegate$BeanPostProcessorChecker : Bean 'org.springframework.boot.autoconfigure.jackson.JacksonAutoConfiguration' of type [class org.springframework.boot.autoconfigure.jackson.JacksonAutoConfiguration$$EnhancerBySpringCGLIB$$37e86ec9] is not eligible for getting processed by all BeanPostProcessors (for example: not eligible for auto-proxying)
2016-09-10 13:02:32.893  INFO 39546 --- [    Test worker] trationDelegate$BeanPostProcessorChecker : Bean 'jsonComponentModule' of type [class org.springframework.boot.jackson.JsonComponentModule] is not eligible for getting processed by all BeanPostProcessors (for example: not eligible for auto-proxying)
2016-09-10 13:02:32.897  INFO 39546 --- [    Test worker] trationDelegate$BeanPostProcessorChecker : Bean 'org.springframework.data.web.config.SpringDataJacksonConfiguration' of type [class org.springframework.data.web.config.SpringDataJacksonConfiguration$$EnhancerBySpringCGLIB$$32efc57d] is not eligible for getting processed by all BeanPostProcessors (for example: not eligible for auto-proxying)
2016-09-10 13:02:32.910  INFO 39546 --- [    Test worker] trationDelegate$BeanPostProcessorChecker : Bean 'jacksonGeoModule' of type [class org.springframework.data.geo.GeoModule] is not eligible for getting processed by all BeanPostProcessors (for example: not eligible for auto-proxying)
2016-09-10 13:02:32.914  INFO 39546 --- [    Test worker] trationDelegate$BeanPostProcessorChecker : Bean 'jacksonObjectMapperBuilder' of type [class org.springframework.http.converter.json.Jackson2ObjectMapperBuilder] is not eligible for getting processed by all BeanPostProcessors (for example: not eligible for auto-proxying)
2016-09-10 13:02:32.915  INFO 39546 --- [    Test worker] trationDelegate$BeanPostProcessorChecker : Bean 'springBootRepositoryRestConfigurer' of type [class org.springframework.boot.autoconfigure.data.rest.SpringBootRepositoryRestConfigurer] is not eligible for getting processed by all BeanPostProcessors (for example: not eligible for auto-proxying)
2016-09-10 13:02:32.924  INFO 39546 --- [    Test worker] trationDelegate$BeanPostProcessorChecker : Bean 'defaultRelProvider' of type [class org.springframework.hateoas.core.EvoInflectorRelProvider] is not eligible for getting processed by all BeanPostProcessors (for example: not eligible for auto-proxying)
2016-09-10 13:02:32.927  INFO 39546 --- [    Test worker] trationDelegate$BeanPostProcessorChecker : Bean 'annotationRelProvider' of type [class org.springframework.hateoas.core.AnnotationRelProvider] is not eligible for getting processed by all BeanPostProcessors (for example: not eligible for auto-proxying)
2016-09-10 13:02:32.934  INFO 39546 --- [    Test worker] trationDelegate$BeanPostProcessorChecker : Bean '(inner bean)#416a25d0' of type [class org.springframework.plugin.core.support.PluginRegistryFactoryBean] is not eligible for getting processed by all BeanPostProcessors (for example: not eligible for auto-proxying)
2016-09-10 13:02:32.945  INFO 39546 --- [    Test worker] trationDelegate$BeanPostProcessorChecker : Bean '(inner bean)#416a25d0' of type [class org.springframework.plugin.core.OrderAwarePluginRegistry] is not eligible for getting processed by all BeanPostProcessors (for example: not eligible for auto-proxying)
2016-09-10 13:02:32.948  INFO 39546 --- [    Test worker] trationDelegate$BeanPostProcessorChecker : Bean '_relProvider' of type [class org.springframework.hateoas.core.DelegatingRelProvider] is not eligible for getting processed by all BeanPostProcessors (for example: not eligible for auto-proxying)
2016-09-10 13:02:32.951  INFO 39546 --- [    Test worker] trationDelegate$BeanPostProcessorChecker : Bean 'org.springframework.boot.autoconfigure.data.rest.SpringBootRepositoryRestMvcConfiguration' of type [class org.springframework.boot.autoconfigure.data.rest.SpringBootRepositoryRestMvcConfiguration$$EnhancerBySpringCGLIB$$80451ac9] is not eligible for getting processed by all BeanPostProcessors (for example: not eligible for auto-proxying)
2016-09-10 13:02:33.048  INFO 39546 --- [    Test worker] o.s.b.f.config.PropertiesFactoryBean     : Loading properties file from class path resource [rest-default-messages.properties]
2016-09-10 13:02:33.721  INFO 39546 --- [    Test worker] s.w.s.m.m.a.RequestMappingHandlerAdapter : Looking for @ControllerAdvice: org.springframework.web.context.support.GenericWebApplicationContext@28e07373: startup date [Sat Sep 10 13:02:31 PDT 2016]; root of context hierarchy
2016-09-10 13:02:33.796  INFO 39546 --- [    Test worker] s.w.s.m.m.a.RequestMappingHandlerMapping : Mapped "{[/bin]}" onto public org.springframework.http.ResponseEntity<?> com.revinate.requestbin.bin.BinController.getAllBin()
2016-09-10 13:02:33.798  INFO 39546 --- [    Test worker] s.w.s.m.m.a.RequestMappingHandlerMapping : Mapped "{[/]}" onto public org.springframework.http.ResponseEntity<?> com.revinate.requestbin.bin.BinController.home()
2016-09-10 13:02:33.798  INFO 39546 --- [    Test worker] s.w.s.m.m.a.RequestMappingHandlerMapping : Mapped "{[/bin],methods=[POST]}" onto public org.springframework.http.ResponseEntity<?> com.revinate.requestbin.bin.BinController.createBinViewer()
2016-09-10 13:02:33.798  INFO 39546 --- [    Test worker] s.w.s.m.m.a.RequestMappingHandlerMapping : Mapped "{[/bin/{id}]}" onto public org.springframework.http.ResponseEntity<?> com.revinate.requestbin.bin.BinController.storeRequest(java.lang.String)
2016-09-10 13:02:33.799  INFO 39546 --- [    Test worker] s.w.s.m.m.a.RequestMappingHandlerMapping : Mapped "{[/bin/{id}/inspect]}" onto public org.springframework.http.ResponseEntity<?> com.revinate.requestbin.bin.BinController.inspectRequest(java.lang.String)
2016-09-10 13:02:33.801  INFO 39546 --- [    Test worker] s.w.s.m.m.a.RequestMappingHandlerMapping : Mapped "{[/error]}" onto public org.springframework.http.ResponseEntity<java.util.Map<java.lang.String, java.lang.Object>> org.springframework.boot.autoconfigure.web.BasicErrorController.error(javax.servlet.http.HttpServletRequest)
2016-09-10 13:02:33.802  INFO 39546 --- [    Test worker] s.w.s.m.m.a.RequestMappingHandlerMapping : Mapped "{[/error],produces=[text/html]}" onto public org.springframework.web.servlet.ModelAndView org.springframework.boot.autoconfigure.web.BasicErrorController.errorHtml(javax.servlet.http.HttpServletRequest,javax.servlet.http.HttpServletResponse)
2016-09-10 13:02:33.844  INFO 39546 --- [    Test worker] o.s.w.s.handler.SimpleUrlHandlerMapping  : Mapped URL path [/webjars/**] onto handler of type [class org.springframework.web.servlet.resource.ResourceHttpRequestHandler]
2016-09-10 13:02:33.845  INFO 39546 --- [    Test worker] o.s.w.s.handler.SimpleUrlHandlerMapping  : Mapped URL path [/**] onto handler of type [class org.springframework.web.servlet.resource.ResourceHttpRequestHandler]
2016-09-10 13:02:33.863  INFO 39546 --- [    Test worker] .m.m.a.ExceptionHandlerExceptionResolver : Detected @ExceptionHandler methods in repositoryRestExceptionHandler
2016-09-10 13:02:33.891  INFO 39546 --- [    Test worker] o.s.w.s.handler.SimpleUrlHandlerMapping  : Mapped URL path [/**/favicon.ico] onto handler of type [class org.springframework.web.servlet.resource.ResourceHttpRequestHandler]
2016-09-10 13:02:33.997  INFO 39546 --- [    Test worker] o.s.d.r.w.RepositoryRestHandlerAdapter   : Looking for @ControllerAdvice: org.springframework.web.context.support.GenericWebApplicationContext@28e07373: startup date [Sat Sep 10 13:02:31 PDT 2016]; root of context hierarchy
2016-09-10 13:02:34.007  INFO 39546 --- [    Test worker] o.s.d.r.w.RepositoryRestHandlerMapping   : Mapped "{[/ || ],methods=[OPTIONS],produces=[application/hal+json || application/json || application/*+json;charset=UTF-8]}" onto public org.springframework.http.HttpEntity<?> org.springframework.data.rest.webmvc.RepositoryController.optionsForRepositories()
2016-09-10 13:02:34.007  INFO 39546 --- [    Test worker] o.s.d.r.w.RepositoryRestHandlerMapping   : Mapped "{[/ || ],methods=[HEAD],produces=[application/hal+json || application/json || application/*+json;charset=UTF-8]}" onto public org.springframework.http.ResponseEntity<?> org.springframework.data.rest.webmvc.RepositoryController.headForRepositories()
2016-09-10 13:02:34.008  INFO 39546 --- [    Test worker] o.s.d.r.w.RepositoryRestHandlerMapping   : Mapped "{[/ || ],methods=[GET],produces=[application/hal+json || application/json || application/*+json;charset=UTF-8]}" onto public org.springframework.http.HttpEntity<org.springframework.data.rest.webmvc.RepositoryLinksResource> org.springframework.data.rest.webmvc.RepositoryController.listRepositories()
2016-09-10 13:02:34.013  INFO 39546 --- [    Test worker] o.s.d.r.w.RepositoryRestHandlerMapping   : Mapped "{[/{repository}],methods=[OPTIONS],produces=[application/hal+json || application/json || application/*+json;charset=UTF-8]}" onto public org.springframework.http.ResponseEntity<?> org.springframework.data.rest.webmvc.RepositoryEntityController.optionsForCollectionResource(org.springframework.data.rest.webmvc.RootResourceInformation)
2016-09-10 13:02:34.013  INFO 39546 --- [    Test worker] o.s.d.r.w.RepositoryRestHandlerMapping   : Mapped "{[/{repository}],methods=[HEAD],produces=[application/hal+json || application/json || application/*+json;charset=UTF-8]}" onto public org.springframework.http.ResponseEntity<?> org.springframework.data.rest.webmvc.RepositoryEntityController.headCollectionResource(org.springframework.data.rest.webmvc.RootResourceInformation,org.springframework.data.rest.webmvc.support.DefaultedPageable) throws org.springframework.web.HttpRequestMethodNotSupportedException
2016-09-10 13:02:34.013  INFO 39546 --- [    Test worker] o.s.d.r.w.RepositoryRestHandlerMapping   : Mapped "{[/{repository}],methods=[GET],produces=[application/hal+json || application/json || application/*+json;charset=UTF-8]}" onto public org.springframework.hateoas.Resources<?> org.springframework.data.rest.webmvc.RepositoryEntityController.getCollectionResource(org.springframework.data.rest.webmvc.RootResourceInformation,org.springframework.data.rest.webmvc.support.DefaultedPageable,org.springframework.data.domain.Sort,org.springframework.data.rest.webmvc.PersistentEntityResourceAssembler) throws org.springframework.data.rest.webmvc.ResourceNotFoundException,org.springframework.web.HttpRequestMethodNotSupportedException
2016-09-10 13:02:34.014  INFO 39546 --- [    Test worker] o.s.d.r.w.RepositoryRestHandlerMapping   : Mapped "{[/{repository}],methods=[GET],produces=[application/x-spring-data-compact+json || text/uri-list]}" onto public org.springframework.hateoas.Resources<?> org.springframework.data.rest.webmvc.RepositoryEntityController.getCollectionResourceCompact(org.springframework.data.rest.webmvc.RootResourceInformation,org.springframework.data.rest.webmvc.support.DefaultedPageable,org.springframework.data.domain.Sort,org.springframework.data.rest.webmvc.PersistentEntityResourceAssembler) throws org.springframework.data.rest.webmvc.ResourceNotFoundException,org.springframework.web.HttpRequestMethodNotSupportedException
2016-09-10 13:02:34.014  INFO 39546 --- [    Test worker] o.s.d.r.w.RepositoryRestHandlerMapping   : Mapped "{[/{repository}],methods=[POST],produces=[application/hal+json || application/json || application/*+json;charset=UTF-8]}" onto public org.springframework.http.ResponseEntity<org.springframework.hateoas.ResourceSupport> org.springframework.data.rest.webmvc.RepositoryEntityController.postCollectionResource(org.springframework.data.rest.webmvc.RootResourceInformation,org.springframework.data.rest.webmvc.PersistentEntityResource,org.springframework.data.rest.webmvc.PersistentEntityResourceAssembler,java.lang.String) throws org.springframework.web.HttpRequestMethodNotSupportedException
2016-09-10 13:02:34.014  INFO 39546 --- [    Test worker] o.s.d.r.w.RepositoryRestHandlerMapping   : Mapped "{[/{repository}/{id}],methods=[OPTIONS],produces=[application/hal+json || application/json || application/*+json;charset=UTF-8]}" onto public org.springframework.http.ResponseEntity<?> org.springframework.data.rest.webmvc.RepositoryEntityController.optionsForItemResource(org.springframework.data.rest.webmvc.RootResourceInformation)
2016-09-10 13:02:34.014  INFO 39546 --- [    Test worker] o.s.d.r.w.RepositoryRestHandlerMapping   : Mapped "{[/{repository}/{id}],methods=[HEAD],produces=[application/hal+json || application/json || application/*+json;charset=UTF-8]}" onto public org.springframework.http.ResponseEntity<?> org.springframework.data.rest.webmvc.RepositoryEntityController.headForItemResource(org.springframework.data.rest.webmvc.RootResourceInformation,java.io.Serializable,org.springframework.data.rest.webmvc.PersistentEntityResourceAssembler) throws org.springframework.web.HttpRequestMethodNotSupportedException
2016-09-10 13:02:34.015  INFO 39546 --- [    Test worker] o.s.d.r.w.RepositoryRestHandlerMapping   : Mapped "{[/{repository}/{id}],methods=[GET],produces=[application/hal+json || application/json || application/*+json;charset=UTF-8]}" onto public org.springframework.http.ResponseEntity<org.springframework.hateoas.Resource<?>> org.springframework.data.rest.webmvc.RepositoryEntityController.getItemResource(org.springframework.data.rest.webmvc.RootResourceInformation,java.io.Serializable,org.springframework.data.rest.webmvc.PersistentEntityResourceAssembler,org.springframework.util.MultiValueMap<java.lang.String, java.lang.String>) throws org.springframework.web.HttpRequestMethodNotSupportedException
2016-09-10 13:02:34.015  INFO 39546 --- [    Test worker] o.s.d.r.w.RepositoryRestHandlerMapping   : Mapped "{[/{repository}/{id}],methods=[PUT],produces=[application/hal+json || application/json || application/*+json;charset=UTF-8]}" onto public org.springframework.http.ResponseEntity<? extends org.springframework.hateoas.ResourceSupport> org.springframework.data.rest.webmvc.RepositoryEntityController.putItemResource(org.springframework.data.rest.webmvc.RootResourceInformation,org.springframework.data.rest.webmvc.PersistentEntityResource,java.io.Serializable,org.springframework.data.rest.webmvc.PersistentEntityResourceAssembler,org.springframework.data.rest.webmvc.support.ETag,java.lang.String) throws org.springframework.web.HttpRequestMethodNotSupportedException
2016-09-10 13:02:34.015  INFO 39546 --- [    Test worker] o.s.d.r.w.RepositoryRestHandlerMapping   : Mapped "{[/{repository}/{id}],methods=[PATCH],produces=[application/hal+json || application/json || application/*+json;charset=UTF-8]}" onto public org.springframework.http.ResponseEntity<org.springframework.hateoas.ResourceSupport> org.springframework.data.rest.webmvc.RepositoryEntityController.patchItemResource(org.springframework.data.rest.webmvc.RootResourceInformation,org.springframework.data.rest.webmvc.PersistentEntityResource,java.io.Serializable,org.springframework.data.rest.webmvc.PersistentEntityResourceAssembler,org.springframework.data.rest.webmvc.support.ETag,java.lang.String) throws org.springframework.web.HttpRequestMethodNotSupportedException,org.springframework.data.rest.webmvc.ResourceNotFoundException
2016-09-10 13:02:34.016  INFO 39546 --- [    Test worker] o.s.d.r.w.RepositoryRestHandlerMapping   : Mapped "{[/{repository}/{id}],methods=[DELETE],produces=[application/hal+json || application/json || application/*+json;charset=UTF-8]}" onto public org.springframework.http.ResponseEntity<?> org.springframework.data.rest.webmvc.RepositoryEntityController.deleteItemResource(org.springframework.data.rest.webmvc.RootResourceInformation,java.io.Serializable,org.springframework.data.rest.webmvc.support.ETag) throws org.springframework.data.rest.webmvc.ResourceNotFoundException,org.springframework.web.HttpRequestMethodNotSupportedException
2016-09-10 13:02:34.020  INFO 39546 --- [    Test worker] o.s.d.r.w.RepositoryRestHandlerMapping   : Mapped "{[/{repository}/{id}/{property}],methods=[GET],produces=[application/hal+json || application/json || application/*+json;charset=UTF-8]}" onto public org.springframework.http.ResponseEntity<org.springframework.hateoas.ResourceSupport> org.springframework.data.rest.webmvc.RepositoryPropertyReferenceController.followPropertyReference(org.springframework.data.rest.webmvc.RootResourceInformation,java.io.Serializable,java.lang.String,org.springframework.data.rest.webmvc.PersistentEntityResourceAssembler) throws java.lang.Exception
2016-09-10 13:02:34.021  INFO 39546 --- [    Test worker] o.s.d.r.w.RepositoryRestHandlerMapping   : Mapped "{[/{repository}/{id}/{property}/{propertyId}],methods=[GET],produces=[application/hal+json || application/json || application/*+json;charset=UTF-8]}" onto public org.springframework.http.ResponseEntity<org.springframework.hateoas.ResourceSupport> org.springframework.data.rest.webmvc.RepositoryPropertyReferenceController.followPropertyReference(org.springframework.data.rest.webmvc.RootResourceInformation,java.io.Serializable,java.lang.String,java.lang.String,org.springframework.data.rest.webmvc.PersistentEntityResourceAssembler) throws java.lang.Exception
2016-09-10 13:02:34.021  INFO 39546 --- [    Test worker] o.s.d.r.w.RepositoryRestHandlerMapping   : Mapped "{[/{repository}/{id}/{property}],methods=[DELETE],produces=[application/hal+json || application/json || application/*+json;charset=UTF-8]}" onto public org.springframework.http.ResponseEntity<? extends org.springframework.hateoas.ResourceSupport> org.springframework.data.rest.webmvc.RepositoryPropertyReferenceController.deletePropertyReference(org.springframework.data.rest.webmvc.RootResourceInformation,java.io.Serializable,java.lang.String) throws java.lang.Exception
2016-09-10 13:02:34.021  INFO 39546 --- [    Test worker] o.s.d.r.w.RepositoryRestHandlerMapping   : Mapped "{[/{repository}/{id}/{property}],methods=[GET],produces=[application/x-spring-data-compact+json || text/uri-list]}" onto public org.springframework.http.ResponseEntity<org.springframework.hateoas.ResourceSupport> org.springframework.data.rest.webmvc.RepositoryPropertyReferenceController.followPropertyReferenceCompact(org.springframework.data.rest.webmvc.RootResourceInformation,java.io.Serializable,java.lang.String,org.springframework.data.rest.webmvc.PersistentEntityResourceAssembler) throws java.lang.Exception
2016-09-10 13:02:34.022  INFO 39546 --- [    Test worker] o.s.d.r.w.RepositoryRestHandlerMapping   : Mapped "{[/{repository}/{id}/{property}],methods=[PATCH || PUT || POST],consumes=[application/json || application/x-spring-data-compact+json || text/uri-list],produces=[application/hal+json || application/json || application/*+json;charset=UTF-8]}" onto public org.springframework.http.ResponseEntity<? extends org.springframework.hateoas.ResourceSupport> org.springframework.data.rest.webmvc.RepositoryPropertyReferenceController.createPropertyReference(org.springframework.data.rest.webmvc.RootResourceInformation,org.springframework.http.HttpMethod,org.springframework.hateoas.Resources<java.lang.Object>,java.io.Serializable,java.lang.String) throws java.lang.Exception
2016-09-10 13:02:34.022  INFO 39546 --- [    Test worker] o.s.d.r.w.RepositoryRestHandlerMapping   : Mapped "{[/{repository}/{id}/{property}/{propertyId}],methods=[DELETE],produces=[application/hal+json || application/json || application/*+json;charset=UTF-8]}" onto public org.springframework.http.ResponseEntity<org.springframework.hateoas.ResourceSupport> org.springframework.data.rest.webmvc.RepositoryPropertyReferenceController.deletePropertyReferenceId(org.springframework.data.rest.webmvc.RootResourceInformation,java.io.Serializable,java.lang.String,java.lang.String) throws java.lang.Exception
2016-09-10 13:02:34.024  INFO 39546 --- [    Test worker] o.s.d.r.w.RepositoryRestHandlerMapping   : Mapped "{[/{repository}/search],methods=[HEAD],produces=[application/hal+json || application/json || application/*+json;charset=UTF-8]}" onto public org.springframework.http.HttpEntity<?> org.springframework.data.rest.webmvc.RepositorySearchController.headForSearches(org.springframework.data.rest.webmvc.RootResourceInformation)
2016-09-10 13:02:34.024  INFO 39546 --- [    Test worker] o.s.d.r.w.RepositoryRestHandlerMapping   : Mapped "{[/{repository}/search],methods=[OPTIONS],produces=[application/hal+json || application/json || application/*+json;charset=UTF-8]}" onto public org.springframework.http.HttpEntity<?> org.springframework.data.rest.webmvc.RepositorySearchController.optionsForSearches(org.springframework.data.rest.webmvc.RootResourceInformation)
2016-09-10 13:02:34.024  INFO 39546 --- [    Test worker] o.s.d.r.w.RepositoryRestHandlerMapping   : Mapped "{[/{repository}/search],methods=[GET],produces=[application/hal+json || application/json || application/*+json;charset=UTF-8]}" onto public org.springframework.data.rest.webmvc.RepositorySearchesResource org.springframework.data.rest.webmvc.RepositorySearchController.listSearches(org.springframework.data.rest.webmvc.RootResourceInformation)
2016-09-10 13:02:34.025  INFO 39546 --- [    Test worker] o.s.d.r.w.RepositoryRestHandlerMapping   : Mapped "{[/{repository}/search/{search}],methods=[GET],produces=[application/hal+json || application/json || application/*+json;charset=UTF-8]}" onto public org.springframework.http.ResponseEntity<java.lang.Object> org.springframework.data.rest.webmvc.RepositorySearchController.executeSearch(org.springframework.data.rest.webmvc.RootResourceInformation,org.springframework.util.MultiValueMap<java.lang.String, java.lang.Object>,java.lang.String,org.springframework.data.rest.webmvc.support.DefaultedPageable,org.springframework.data.domain.Sort,org.springframework.data.rest.webmvc.PersistentEntityResourceAssembler)
2016-09-10 13:02:34.025  INFO 39546 --- [    Test worker] o.s.d.r.w.RepositoryRestHandlerMapping   : Mapped "{[/{repository}/search/{search}],methods=[GET],produces=[application/x-spring-data-compact+json]}" onto public org.springframework.hateoas.ResourceSupport org.springframework.data.rest.webmvc.RepositorySearchController.executeSearchCompact(org.springframework.data.rest.webmvc.RootResourceInformation,org.springframework.util.MultiValueMap<java.lang.String, java.lang.Object>,java.lang.String,java.lang.String,org.springframework.data.rest.webmvc.support.DefaultedPageable,org.springframework.data.domain.Sort,org.springframework.data.rest.webmvc.PersistentEntityResourceAssembler)
2016-09-10 13:02:34.026  INFO 39546 --- [    Test worker] o.s.d.r.w.RepositoryRestHandlerMapping   : Mapped "{[/{repository}/search/{search}],methods=[OPTIONS],produces=[application/hal+json || application/json || application/*+json;charset=UTF-8]}" onto public org.springframework.http.ResponseEntity<java.lang.Object> org.springframework.data.rest.webmvc.RepositorySearchController.optionsForSearch(org.springframework.data.rest.webmvc.RootResourceInformation,java.lang.String)
2016-09-10 13:02:34.026  INFO 39546 --- [    Test worker] o.s.d.r.w.RepositoryRestHandlerMapping   : Mapped "{[/{repository}/search/{search}],methods=[HEAD],produces=[application/hal+json || application/json || application/*+json;charset=UTF-8]}" onto public org.springframework.http.ResponseEntity<java.lang.Object> org.springframework.data.rest.webmvc.RepositorySearchController.headForSearch(org.springframework.data.rest.webmvc.RootResourceInformation,java.lang.String)
2016-09-10 13:02:34.029  INFO 39546 --- [    Test worker] o.s.d.r.w.BasePathAwareHandlerMapping    : Mapped "{[/profile/{repository}],methods=[OPTIONS],produces=[application/alps+json]}" onto org.springframework.http.HttpEntity<?> org.springframework.data.rest.webmvc.alps.AlpsController.alpsOptions()
2016-09-10 13:02:34.030  INFO 39546 --- [    Test worker] o.s.d.r.w.BasePathAwareHandlerMapping    : Mapped "{[/profile/{repository}],methods=[GET],produces=[application/alps+json || */*]}" onto org.springframework.http.HttpEntity<org.springframework.data.rest.webmvc.RootResourceInformation> org.springframework.data.rest.webmvc.alps.AlpsController.descriptor(org.springframework.data.rest.webmvc.RootResourceInformation)
2016-09-10 13:02:34.030  INFO 39546 --- [    Test worker] o.s.d.r.w.BasePathAwareHandlerMapping    : Mapped "{[/profile],methods=[OPTIONS]}" onto public org.springframework.http.HttpEntity<?> org.springframework.data.rest.webmvc.ProfileController.profileOptions()
2016-09-10 13:02:34.031  INFO 39546 --- [    Test worker] o.s.d.r.w.BasePathAwareHandlerMapping    : Mapped "{[/profile],methods=[GET]}" onto org.springframework.http.HttpEntity<org.springframework.hateoas.ResourceSupport> org.springframework.data.rest.webmvc.ProfileController.listAllFormsOfMetadata()
2016-09-10 13:02:34.031  INFO 39546 --- [    Test worker] o.s.d.r.w.BasePathAwareHandlerMapping    : Mapped "{[/profile/{repository}],methods=[GET],produces=[application/schema+json]}" onto public org.springframework.http.HttpEntity<org.springframework.data.rest.webmvc.json.JsonSchema> org.springframework.data.rest.webmvc.RepositorySchemaController.schema(org.springframework.data.rest.webmvc.RootResourceInformation)
2016-09-10 13:02:34.046  INFO 39546 --- [    Test worker] .m.m.a.ExceptionHandlerExceptionResolver : Detected @ExceptionHandler methods in repositoryRestExceptionHandler
2016-09-10 13:02:34.185  INFO 39546 --- [    Test worker] c.r.requestbin.bin.BinControllerTest     : Started BinControllerTest in 3.824 seconds (JVM running for 4.703)
2016-09-10 13:02:34.225  INFO 39546 --- [    Test worker] ilder$StaticRequestMappingHandlerMapping : Mapped "{[/bin]}" onto public org.springframework.http.ResponseEntity<?> com.revinate.requestbin.bin.BinController.getAllBin()
2016-09-10 13:02:34.226  INFO 39546 --- [    Test worker] ilder$StaticRequestMappingHandlerMapping : Mapped "{[/]}" onto public org.springframework.http.ResponseEntity<?> com.revinate.requestbin.bin.BinController.home()
2016-09-10 13:02:34.227  INFO 39546 --- [    Test worker] ilder$StaticRequestMappingHandlerMapping : Mapped "{[/bin],methods=[POST]}" onto public org.springframework.http.ResponseEntity<?> com.revinate.requestbin.bin.BinController.createBinViewer()
2016-09-10 13:02:34.227  INFO 39546 --- [    Test worker] ilder$StaticRequestMappingHandlerMapping : Mapped "{[/bin/{id}]}" onto public org.springframework.http.ResponseEntity<?> com.revinate.requestbin.bin.BinController.storeRequest(java.lang.String)
2016-09-10 13:02:34.227  INFO 39546 --- [    Test worker] ilder$StaticRequestMappingHandlerMapping : Mapped "{[/bin/{id}/inspect]}" onto public org.springframework.http.ResponseEntity<?> com.revinate.requestbin.bin.BinController.inspectRequest(java.lang.String)
2016-09-10 13:02:34.238  INFO 39546 --- [    Test worker] s.w.s.m.m.a.RequestMappingHandlerAdapter : Looking for @ControllerAdvice: org.springframework.test.web.servlet.setup.StubWebApplicationContext@1e06e18c
2016-09-10 13:02:34.247  INFO 39546 --- [    Test worker] o.s.mock.web.MockServletContext          : Initializing Spring FrameworkServlet ''
2016-09-10 13:02:34.247  INFO 39546 --- [    Test worker] o.s.t.web.servlet.TestDispatcherServlet  : FrameworkServlet '': initialization started
2016-09-10 13:02:34.248  INFO 39546 --- [    Test worker] o.s.t.web.servlet.TestDispatcherServlet  : FrameworkServlet '': initialization completed in 1 ms
in
2016-09-10 13:02:34.365  INFO 39546 --- [    Test worker] ilder$StaticRequestMappingHandlerMapping : Mapped "{[/bin]}" onto public org.springframework.http.ResponseEntity<?> com.revinate.requestbin.bin.BinController.getAllBin()
2016-09-10 13:02:34.366  INFO 39546 --- [    Test worker] ilder$StaticRequestMappingHandlerMapping : Mapped "{[/]}" onto public org.springframework.http.ResponseEntity<?> com.revinate.requestbin.bin.BinController.home()
2016-09-10 13:02:34.367  INFO 39546 --- [    Test worker] ilder$StaticRequestMappingHandlerMapping : Mapped "{[/bin],methods=[POST]}" onto public org.springframework.http.ResponseEntity<?> com.revinate.requestbin.bin.BinController.createBinViewer()
2016-09-10 13:02:34.367  INFO 39546 --- [    Test worker] ilder$StaticRequestMappingHandlerMapping : Mapped "{[/bin/{id}]}" onto public org.springframework.http.ResponseEntity<?> com.revinate.requestbin.bin.BinController.storeRequest(java.lang.String)
2016-09-10 13:02:34.367  INFO 39546 --- [    Test worker] ilder$StaticRequestMappingHandlerMapping : Mapped "{[/bin/{id}/inspect]}" onto public org.springframework.http.ResponseEntity<?> com.revinate.requestbin.bin.BinController.inspectRequest(java.lang.String)
2016-09-10 13:02:34.378  INFO 39546 --- [    Test worker] s.w.s.m.m.a.RequestMappingHandlerAdapter : Looking for @ControllerAdvice: org.springframework.test.web.servlet.setup.StubWebApplicationContext@6b3863c7
2016-09-10 13:02:34.382  INFO 39546 --- [    Test worker] o.s.mock.web.MockServletContext          : Initializing Spring FrameworkServlet ''
2016-09-10 13:02:34.382  INFO 39546 --- [    Test worker] o.s.t.web.servlet.TestDispatcherServlet  : FrameworkServlet '': initialization started
2016-09-10 13:02:34.383  INFO 39546 --- [    Test worker] o.s.t.web.servlet.TestDispatcherServlet  : FrameworkServlet '': initialization completed in 1 ms
2016-09-10 13:02:34.390  INFO 39546 --- [    Test worker] ilder$StaticRequestMappingHandlerMapping : Mapped "{[/bin]}" onto public org.springframework.http.ResponseEntity<?> com.revinate.requestbin.bin.BinController.getAllBin()
2016-09-10 13:02:34.391  INFO 39546 --- [    Test worker] ilder$StaticRequestMappingHandlerMapping : Mapped "{[/]}" onto public org.springframework.http.ResponseEntity<?> com.revinate.requestbin.bin.BinController.home()
2016-09-10 13:02:34.391  INFO 39546 --- [    Test worker] ilder$StaticRequestMappingHandlerMapping : Mapped "{[/bin],methods=[POST]}" onto public org.springframework.http.ResponseEntity<?> com.revinate.requestbin.bin.BinController.createBinViewer()
2016-09-10 13:02:34.391  INFO 39546 --- [    Test worker] ilder$StaticRequestMappingHandlerMapping : Mapped "{[/bin/{id}]}" onto public org.springframework.http.ResponseEntity<?> com.revinate.requestbin.bin.BinController.storeRequest(java.lang.String)
2016-09-10 13:02:34.391  INFO 39546 --- [    Test worker] ilder$StaticRequestMappingHandlerMapping : Mapped "{[/bin/{id}/inspect]}" onto public org.springframework.http.ResponseEntity<?> com.revinate.requestbin.bin.BinController.inspectRequest(java.lang.String)
2016-09-10 13:02:34.407  INFO 39546 --- [    Test worker] s.w.s.m.m.a.RequestMappingHandlerAdapter : Looking for @ControllerAdvice: org.springframework.test.web.servlet.setup.StubWebApplicationContext@54fd2c0c
2016-09-10 13:02:34.412  INFO 39546 --- [    Test worker] o.s.mock.web.MockServletContext          : Initializing Spring FrameworkServlet ''
2016-09-10 13:02:34.412  INFO 39546 --- [    Test worker] o.s.t.web.servlet.TestDispatcherServlet  : FrameworkServlet '': initialization started
2016-09-10 13:02:34.412  INFO 39546 --- [    Test worker] o.s.t.web.servlet.TestDispatcherServlet  : FrameworkServlet '': initialization completed in 0 ms
]]></system-out>
  <system-err><![CDATA[]]></system-err>
</testsuite>
